<?xml version="1.0" encoding="UTF-8"?>
<testsuite xmlns:xsi="http://www.w3.org/2001/XMLSchema-instance" xsi:noNamespaceSchemaLocation="https://maven.apache.org/surefire/maven-surefire-plugin/xsd/surefire-test-report.xsd" version="3.0.1" name="com.github.marcosws.json2object.Json2ObjectTest" time="0.06" tests="4" errors="0" skipped="0" failures="0">
  <properties>
[...]
</properties>
  <testcase name="testDataJsonToObject" classname="com.github.marcosws.json2object.Json2ObjectTest" time="0.027">
    <system-out><![CDATA[01
Marcos Willian
Souza
OK
true
123345
]]></system-out>
  </testcase>
  <testcase name="testReadFile" classname="com.github.marcosws.json2object.Json2ObjectTest" time="0.003">
    <system-out><![CDATA[{	"codeId":"01",	"firstName": "Marcos Willian",	"lastName": "Souza",	"status": "OK",	"validation": true,	"number": 123345}
{	"codeId":"01",	"firstName": "Marcos Willian",	"lastName": "Souza",	"status": "OK",	"validation": true,	"number": 123345}
]]></system-out>
  </testcase>
  <testcase name="testGetFullPathResourcePathWindowsBar" classname="com.github.marcosws.json2object.Json2ObjectTest" time="0.004">
    <system-out><![CDATA[C:\Estudos\JAVA\UDEMY_2023\ECLIPSE_QA_TEST_E2E\json2object\target\test-classes\data\jsonfile.json
]]></system-out>
  </testcase>
  <testcase name="testGetFullPathResourcePathLinuxBar" classname="com.github.marcosws.json2object.Json2ObjectTest" time="0.001">
    <system-out><![CDATA[C:\Estudos\JAVA\UDEMY_2023\ECLIPSE_QA_TEST_E2E\json2object\target\test-classes\data\jsonfile.json
]]></system-out>
  </testcase>
</testsuite>